<?xml version="1.0" encoding="utf-8"?>
<test-run id="2" testcasecount="19" result="Failed(Child)" total="19" passed="17" failed="2" inconclusive="0" skipped="0" asserts="0" engine-version="3.5.0.0" clr-version="4.0.30319.42000" start-time="2026-07-15 07:44:03Z" end-time="2026-07-15 07:44:03Z" duration="0.4410756">
  <test-suite type="TestSuite" id="1000" name="SensCalibr8 P0-R3 Calibration" fullname="SensCalibr8 P0-R3 Calibration" runstate="Runnable" testcasecount="19" result="Failed" site="Child" start-time="2026-07-15 07:44:03Z" end-time="2026-07-15 07:44:03Z" duration="0.441076" total="19" passed="17" failed="2" inconclusive="0" skipped="0" asserts="0">
    <properties>
      <property name="platform" value="EditMode" />
    </properties>
    <failure>
      <message><![CDATA[One or more child tests had errors]]></message>
    </failure>
    <test-suite type="Assembly" id="1022" name="SensCalibr8.Calibration.Tests.EditMode.dll" fullname="D:/Gosoft_Test/senscalibr8/calibration/harness/Library/ScriptAssemblies/SensCalibr8.Calibration.Tests.EditMode.dll" runstate="Runnable" testcasecount="19" result="Failed" site="Child" start-time="2026-07-15 07:44:03Z" end-time="2026-07-15 07:44:03Z" duration="0.429117" total="19" passed="17" failed="2" inconclusive="0" skipped="0" asserts="0">
      <properties>
        <property name="_PID" value="3128" />
        <property name="_APPDOMAIN" value="Unity Child Domain" />
        <property name="platform" value="EditMode" />
        <property name="EditorOnly" value="True" />
      </properties>
      <failure>
        <message><![CDATA[One or more child tests had errors]]></message>
      </failure>
      <test-suite type="TestSuite" id="1023" name="SensCalibr8" fullname="SensCalibr8" runstate="Runnable" testcasecount="19" result="Failed" site="Child" start-time="2026-07-15 07:44:03Z" end-time="2026-07-15 07:44:03Z" duration="0.428192" total="19" passed="17" failed="2" inconclusive="0" skipped="0" asserts="0">
        <properties />
        <failure>
          <message><![CDATA[One or more child tests had errors]]></message>
        </failure>
        <test-suite type="TestSuite" id="1024" name="Calibration" fullname="SensCalibr8.Calibration" runstate="Runnable" testcasecount="19" result="Failed" site="Child" start-time="2026-07-15 07:44:03Z" end-time="2026-07-15 07:44:03Z" duration="0.427835" total="19" passed="17" failed="2" inconclusive="0" skipped="0" asserts="0">
          <properties />
          <failure>
            <message><![CDATA[One or more child tests had errors]]></message>
          </failure>
          <test-suite type="TestSuite" id="1025" name="Tests" fullname="SensCalibr8.Calibration.Tests" runstate="Runnable" testcasecount="19" result="Failed" site="Child" start-time="2026-07-15 07:44:03Z" end-time="2026-07-15 07:44:03Z" duration="0.427581" total="19" passed="17" failed="2" inconclusive="0" skipped="0" asserts="0">
            <properties />
            <failure>
              <message><![CDATA[One or more child tests had errors]]></message>
            </failure>
            <test-suite type="TestFixture" id="1001" name="CalibrationHarnessTests" fullname="SensCalibr8.Calibration.Tests.CalibrationHarnessTests" classname="SensCalibr8.Calibration.Tests.CalibrationHarnessTests" runstate="Runnable" testcasecount="14" result="Passed" start-time="2026-07-15 07:44:03Z" end-time="2026-07-15 07:44:03Z" duration="0.400969" total="14" passed="14" failed="0" inconclusive="0" skipped="0" asserts="0">
              <properties />
              <test-case id="1005" name="AppendOnlyWriter_DrainsQueuedLinesAndRefusesOverwrite" fullname="SensCalibr8.Calibration.Tests.CalibrationHarnessTests.AppendOnlyWriter_DrainsQueuedLinesAndRefusesOverwrite" methodname="AppendOnlyWriter_DrainsQueuedLinesAndRefusesOverwrite" classname="SensCalibr8.Calibration.Tests.CalibrationHarnessTests" runstate="Runnable" seed="1716800517" result="Passed" start-time="2026-07-15 07:44:03Z" end-time="2026-07-15 07:44:03Z" duration="0.064250" asserts="0">
                <properties>
                  <property name="retryIteration" value="0" />
                  <property name="repeatIteration" value="0" />
                </properties>
              </test-case>
              <test-case id="1004" name="ApprovedArtifactPath_FitsLegacyWindowsPathLimit" fullname="SensCalibr8.Calibration.Tests.CalibrationHarnessTests.ApprovedArtifactPath_FitsLegacyWindowsPathLimit" methodname="ApprovedArtifactPath_FitsLegacyWindowsPathLimit" classname="SensCalibr8.Calibration.Tests.CalibrationHarnessTests" runstate="Runnable" seed="765168606" result="Passed" start-time="2026-07-15 07:44:03Z" end-time="2026-07-15 07:44:03Z" duration="0.007471" asserts="0">
                <properties>
                  <property name="retryIteration" value="0" />
                  <property name="repeatIteration" value="0" />
                </properties>
              </test-case>
              <test-case id="1006" name="CalibrationClock_UsesPositiveHighResolutionFrequencyAndOrderedTicks" fullname="SensCalibr8.Calibration.Tests.CalibrationHarnessTests.CalibrationClock_UsesPositiveHighResolutionFrequencyAndOrderedTicks" methodname="CalibrationClock_UsesPositiveHighResolutionFrequencyAndOrderedTicks" classname="SensCalibr8.Calibration.Tests.CalibrationHarnessTests" runstate="Runnable" seed="1337532448" result="Passed" start-time="2026-07-15 07:44:03Z" end-time="2026-07-15 07:44:03Z" duration="0.007283" asserts="0">
                <properties>
                  <property name="retryIteration" value="0" />
                  <property name="repeatIteration" value="0" />
                </properties>
              </test-case>
              <test-case id="1012" name="CompletedRun_WritesImmutableArtifactsAndValidIntegrityManifest" fullname="SensCalibr8.Calibration.Tests.CalibrationHarnessTests.CompletedRun_WritesImmutableArtifactsAndValidIntegrityManifest" methodname="CompletedRun_WritesImmutableArtifactsAndValidIntegrityManifest" classname="SensCalibr8.Calibration.Tests.CalibrationHarnessTests" runstate="Runnable" seed="1897172373" result="Passed" start-time="2026-07-15 07:44:03Z" end-time="2026-07-15 07:44:03Z" duration="0.059209" asserts="0">
                <properties>
                  <property name="retryIteration" value="0" />
                  <property name="repeatIteration" value="0" />
                </properties>
              </test-case>
              <test-case id="1003" name="CreateRunId_RejectsNonUtcTimestamp" fullname="SensCalibr8.Calibration.Tests.CalibrationHarnessTests.CreateRunId_RejectsNonUtcTimestamp" methodname="CreateRunId_RejectsNonUtcTimestamp" classname="SensCalibr8.Calibration.Tests.CalibrationHarnessTests" runstate="Runnable" seed="498916821" result="Passed" start-time="2026-07-15 07:44:03Z" end-time="2026-07-15 07:44:03Z" duration="0.004482" asserts="0">
                <properties>
                  <property name="retryIteration" value="0" />
                  <property name="repeatIteration" value="0" />
                </properties>
              </test-case>
              <test-case id="1014" name="DisposeWithoutCompletion_FinalizesRunAsInterrupted" fullname="SensCalibr8.Calibration.Tests.CalibrationHarnessTests.DisposeWithoutCompletion_FinalizesRunAsInterrupted" methodname="DisposeWithoutCompletion_FinalizesRunAsInterrupted" classname="SensCalibr8.Calibration.Tests.CalibrationHarnessTests" runstate="Runnable" seed="1935849567" result="Passed" start-time="2026-07-15 07:44:03Z" end-time="2026-07-15 07:44:03Z" duration="0.047058" asserts="0">
                <properties>
                  <property name="retryIteration" value="0" />
                  <property name="repeatIteration" value="0" />
                </properties>
              </test-case>
              <test-case id="1007" name="EnvironmentFactory_CapturesRuntimeIdentityChecksumAndExplicitUnknowns" fullname="SensCalibr8.Calibration.Tests.CalibrationHarnessTests.EnvironmentFactory_CapturesRuntimeIdentityChecksumAndExplicitUnknowns" methodname="EnvironmentFactory_CapturesRuntimeIdentityChecksumAndExplicitUnknowns" classname="SensCalibr8.Calibration.Tests.CalibrationHarnessTests" runstate="Runnable" seed="969315501" result="Passed" start-time="2026-07-15 07:44:03Z" end-time="2026-07-15 07:44:03Z" duration="0.102231" asserts="0">
                <properties>
                  <property name="retryIteration" value="0" />
                  <property name="repeatIteration" value="0" />
                </properties>
              </test-case>
              <test-case id="1002" name="NormalizeToken_ProducesLowercaseAsciiToken" fullname="SensCalibr8.Calibration.Tests.CalibrationHarnessTests.NormalizeToken_ProducesLowercaseAsciiToken" methodname="NormalizeToken_ProducesLowercaseAsciiToken" classname="SensCalibr8.Calibration.Tests.CalibrationHarnessTests" runstate="Runnable" seed="2072362829" result="Passed" start-time="2026-07-15 07:44:03Z" end-time="2026-07-15 07:44:03Z" duration="0.001877" asserts="0">
                <properties>
                  <property name="retryIteration" value="0" />
                  <property name="repeatIteration" value="0" />
                </properties>
              </test-case>
              <test-case id="1010" name="P0R3CaptureGate_AcceptsCompleteFrozenPlan" fullname="SensCalibr8.Calibration.Tests.CalibrationHarnessTests.P0R3CaptureGate_AcceptsCompleteFrozenPlan" methodname="P0R3CaptureGate_AcceptsCompleteFrozenPlan" classname="SensCalibr8.Calibration.Tests.CalibrationHarnessTests" runstate="Runnable" seed="629129951" result="Passed" start-time="2026-07-15 07:44:03Z" end-time="2026-07-15 07:44:03Z" duration="0.005504" asserts="0">
                <properties>
                  <property name="retryIteration" value="0" />
                  <property name="repeatIteration" value="0" />
                </properties>
              </test-case>
              <test-case id="1009" name="P0R3CaptureGate_AllowsUnknownAuditOnlyMouseMetadata" fullname="SensCalibr8.Calibration.Tests.CalibrationHarnessTests.P0R3CaptureGate_AllowsUnknownAuditOnlyMouseMetadata" methodname="P0R3CaptureGate_AllowsUnknownAuditOnlyMouseMetadata" classname="SensCalibr8.Calibration.Tests.CalibrationHarnessTests" runstate="Runnable" seed="2081758783" result="Passed" start-time="2026-07-15 07:44:03Z" end-time="2026-07-15 07:44:03Z" duration="0.002287" asserts="0">
                <properties>
                  <property name="retryIteration" value="0" />
                  <property name="repeatIteration" value="0" />
                </properties>
              </test-case>
              <test-case id="1008" name="P0R3CaptureGate_RejectsUnknownAcceptanceEnvironment" fullname="SensCalibr8.Calibration.Tests.CalibrationHarnessTests.P0R3CaptureGate_RejectsUnknownAcceptanceEnvironment" methodname="P0R3CaptureGate_RejectsUnknownAcceptanceEnvironment" classname="SensCalibr8.Calibration.Tests.CalibrationHarnessTests" runstate="Runnable" seed="2114421193" result="Passed" start-time="2026-07-15 07:44:03Z" end-time="2026-07-15 07:44:03Z" duration="0.003286" asserts="0">
                <properties>
                  <property name="retryIteration" value="0" />
                  <property name="repeatIteration" value="0" />
                </properties>
              </test-case>
              <test-case id="1011" name="P0R3CaptureGate_RequiresUnmergedMouseEvents" fullname="SensCalibr8.Calibration.Tests.CalibrationHarnessTests.P0R3CaptureGate_RequiresUnmergedMouseEvents" methodname="P0R3CaptureGate_RequiresUnmergedMouseEvents" classname="SensCalibr8.Calibration.Tests.CalibrationHarnessTests" runstate="Runnable" seed="1310086561" result="Passed" start-time="2026-07-15 07:44:03Z" end-time="2026-07-15 07:44:03Z" duration="0.001946" asserts="0">
                <properties>
                  <property name="retryIteration" value="0" />
                  <property name="repeatIteration" value="0" />
                </properties>
              </test-case>
              <test-case id="1015" name="RecoveryService_FinalizesAbandonedRunAndHashesPartialEvidence" fullname="SensCalibr8.Calibration.Tests.CalibrationHarnessTests.RecoveryService_FinalizesAbandonedRunAndHashesPartialEvidence" methodname="RecoveryService_FinalizesAbandonedRunAndHashesPartialEvidence" classname="SensCalibr8.Calibration.Tests.CalibrationHarnessTests" runstate="Runnable" seed="70562682" result="Passed" start-time="2026-07-15 07:44:03Z" end-time="2026-07-15 07:44:03Z" duration="0.032825" asserts="0">
                <properties>
                  <property name="retryIteration" value="0" />
                  <property name="repeatIteration" value="0" />
                </properties>
              </test-case>
              <test-case id="1013" name="RunStore_RejectsBrokenRelationshipsAndNonContiguousSequences" fullname="SensCalibr8.Calibration.Tests.CalibrationHarnessTests.RunStore_RejectsBrokenRelationshipsAndNonContiguousSequences" methodname="RunStore_RejectsBrokenRelationshipsAndNonContiguousSequences" classname="SensCalibr8.Calibration.Tests.CalibrationHarnessTests" runstate="Runnable" seed="2101416867" result="Passed" start-time="2026-07-15 07:44:03Z" end-time="2026-07-15 07:44:03Z" duration="0.032105" asserts="0">
                <properties>
                  <property name="retryIteration" value="0" />
                  <property name="repeatIteration" value="0" />
                </properties>
              </test-case>
            </test-suite>
            <test-suite type="TestFixture" id="1016" name="P0R4GeometryParityTests" fullname="SensCalibr8.Calibration.Tests.P0R4GeometryParityTests" classname="SensCalibr8.Calibration.Tests.P0R4GeometryParityTests" runstate="Runnable" testcasecount="5" result="Failed" site="Child" start-time="2026-07-15 07:44:03Z" end-time="2026-07-15 07:44:03Z" duration="0.023699" total="5" passed="3" failed="2" inconclusive="0" skipped="0" asserts="0">
              <properties />
              <failure>
                <message><![CDATA[One or more child tests had errors]]></message>
              </failure>
              <test-case id="1017" name="HorizontalFovConversionMatchesUnityAndPythonEvidence" fullname="SensCalibr8.Calibration.Tests.P0R4GeometryParityTests.HorizontalFovConversionMatchesUnityAndPythonEvidence" methodname="HorizontalFovConversionMatchesUnityAndPythonEvidence" classname="SensCalibr8.Calibration.Tests.P0R4GeometryParityTests" runstate="Runnable" seed="1044924224" result="Passed" start-time="2026-07-15 07:44:03Z" end-time="2026-07-15 07:44:03Z" duration="0.003591" asserts="0">
                <properties>
                  <property name="retryIteration" value="0" />
                  <property name="repeatIteration" value="0" />
                </properties>
              </test-case>
              <test-case id="1020" name="PlainFittsCalculationPreservesDistanceAndWidthMonotonicity" fullname="SensCalibr8.Calibration.Tests.P0R4GeometryParityTests.PlainFittsCalculationPreservesDistanceAndWidthMonotonicity" methodname="PlainFittsCalculationPreservesDistanceAndWidthMonotonicity" classname="SensCalibr8.Calibration.Tests.P0R4GeometryParityTests" runstate="Runnable" seed="1727960701" result="Passed" start-time="2026-07-15 07:44:03Z" end-time="2026-07-15 07:44:03Z" duration="0.000508" asserts="0">
                <properties>
                  <property name="retryIteration" value="0" />
                  <property name="repeatIteration" value="0" />
                </properties>
              </test-case>
              <test-case id="1021" name="PlainGeometryRejectsInvalidInputs" fullname="SensCalibr8.Calibration.Tests.P0R4GeometryParityTests.PlainGeometryRejectsInvalidInputs" methodname="PlainGeometryRejectsInvalidInputs" classname="SensCalibr8.Calibration.Tests.P0R4GeometryParityTests" runstate="Runnable" seed="1817732591" result="Passed" start-time="2026-07-15 07:44:03Z" end-time="2026-07-15 07:44:03Z" duration="0.001016" asserts="0">
                <properties>
                  <property name="retryIteration" value="0" />
                  <property name="repeatIteration" value="0" />
                </properties>
              </test-case>
              <test-case id="1018" name="UnityProjectionMatchesAllThreeDerivedTargetDiameters" fullname="SensCalibr8.Calibration.Tests.P0R4GeometryParityTests.UnityProjectionMatchesAllThreeDerivedTargetDiameters" methodname="UnityProjectionMatchesAllThreeDerivedTargetDiameters" classname="SensCalibr8.Calibration.Tests.P0R4GeometryParityTests" runstate="Runnable" seed="677517958" result="Failed" start-time="2026-07-15 07:44:03Z" end-time="2026-07-15 07:44:03Z" duration="0.014139" asserts="0">
                <properties>
                  <property name="retryIteration" value="0" />
                  <property name="repeatIteration" value="0" />
                </properties>
                <failure>
                  <message><![CDATA[Unhandled log message: '[Error] Releasing render texture that is set as Camera.targetTexture!'. Use UnityEngine.TestTools.LogAssert.Expect]]></message>
                  <stack-trace><![CDATA[UnityEngine.Object:DestroyImmediate (UnityEngine.Object)
SensCalibr8.Calibration.Tests.P0R4GeometryParityTests:DestroyCameraObject (UnityEngine.GameObject) (at Assets/SensCalibr8/Calibration/Tests/EditMode/P0R4GeometryParityTests.cs:116)
SensCalibr8.Calibration.Tests.P0R4GeometryParityTests:UnityProjectionMatchesAllThreeDerivedTargetDiameters () (at Assets/SensCalibr8/Calibration/Tests/EditMode/P0R4GeometryParityTests.cs:42)
System.Reflection.MethodBase:Invoke (object,object[])
NUnit.Framework.Internal.Reflect:InvokeMethod (System.Reflection.MethodInfo,object,object[])
NUnit.Framework.Internal.MethodWrapper:Invoke (object,object[])
NUnit.Framework.Internal.Commands.TestMethodCommand:RunNonAsyncTestMethod (NUnit.Framework.Internal.ITestExecutionContext)
NUnit.Framework.Internal.Commands.TestMethodCommand:RunTestMethod (NUnit.Framework.Internal.ITestExecutionContext)
NUnit.Framework.Internal.Commands.TestMethodCommand:Execute (NUnit.Framework.Internal.ITestExecutionContext)
UnityEditor.EditorApplication:Internal_CallUpdateFunctions ()

]]></stack-trace>
                </failure>
                <output><![CDATA[Releasing render texture that is set as Camera.targetTexture!
]]></output>
              </test-case>
              <test-case id="1019" name="UnityProjectionMatchesHorizontalAndVerticalSpawnExtremes" fullname="SensCalibr8.Calibration.Tests.P0R4GeometryParityTests.UnityProjectionMatchesHorizontalAndVerticalSpawnExtremes" methodname="UnityProjectionMatchesHorizontalAndVerticalSpawnExtremes" classname="SensCalibr8.Calibration.Tests.P0R4GeometryParityTests" runstate="Runnable" seed="1520195187" result="Failed" start-time="2026-07-15 07:44:03Z" end-time="2026-07-15 07:44:03Z" duration="0.002246" asserts="0">
                <properties>
                  <property name="retryIteration" value="0" />
                  <property name="repeatIteration" value="0" />
                </properties>
                <failure>
                  <message><![CDATA[Unhandled log message: '[Error] Releasing render texture that is set as Camera.targetTexture!'. Use UnityEngine.TestTools.LogAssert.Expect]]></message>
                  <stack-trace><![CDATA[UnityEngine.Object:DestroyImmediate (UnityEngine.Object)
SensCalibr8.Calibration.Tests.P0R4GeometryParityTests:DestroyCameraObject (UnityEngine.GameObject) (at Assets/SensCalibr8/Calibration/Tests/EditMode/P0R4GeometryParityTests.cs:116)
SensCalibr8.Calibration.Tests.P0R4GeometryParityTests:UnityProjectionMatchesHorizontalAndVerticalSpawnExtremes () (at Assets/SensCalibr8/Calibration/Tests/EditMode/P0R4GeometryParityTests.cs:73)
System.Reflection.MethodBase:Invoke (object,object[])
NUnit.Framework.Internal.Reflect:InvokeMethod (System.Reflection.MethodInfo,object,object[])
NUnit.Framework.Internal.MethodWrapper:Invoke (object,object[])
NUnit.Framework.Internal.Commands.TestMethodCommand:RunNonAsyncTestMethod (NUnit.Framework.Internal.ITestExecutionContext)
NUnit.Framework.Internal.Commands.TestMethodCommand:RunTestMethod (NUnit.Framework.Internal.ITestExecutionContext)
NUnit.Framework.Internal.Commands.TestMethodCommand:Execute (NUnit.Framework.Internal.ITestExecutionContext)
UnityEditor.EditorApplication:Internal_CallUpdateFunctions ()

]]></stack-trace>
                </failure>
                <output><![CDATA[Releasing render texture that is set as Camera.targetTexture!
Saving results to: D:\Gosoft_Test\senscalibr8\calibration\evidence\p0-r4\p0-r4-unity-editmode-results-v3.xml
]]></output>
              </test-case>
            </test-suite>
          </test-suite>
        </test-suite>
      </test-suite>
    </test-suite>
  </test-suite>
</test-run>