<?xml version="1.0" encoding="utf-8"?>
<test-run id="2" testcasecount="12" result="Passed" total="12" passed="12" failed="0" inconclusive="0" skipped="0" asserts="0" engine-version="3.5.0.0" clr-version="4.0.30319.42000" start-time="2026-07-15 03:47:12Z" end-time="2026-07-15 03:47:13Z" duration="1.2698274">
  <test-suite type="TestSuite" id="1000" name="harness" fullname="harness" runstate="Runnable" testcasecount="12" result="Passed" start-time="2026-07-15 03:47:12Z" end-time="2026-07-15 03:47:13Z" duration="1.269827" total="12" passed="12" failed="0" inconclusive="0" skipped="0" asserts="0">
    <properties>
      <property name="platform" value="EditMode" />
    </properties>
    <test-suite type="Assembly" id="1014" name="SensCalibr8.Calibration.Tests.EditMode.dll" fullname="D:/Gosoft_Test/senscalibr8/calibration/harness/Library/ScriptAssemblies/SensCalibr8.Calibration.Tests.EditMode.dll" runstate="Runnable" testcasecount="12" result="Passed" start-time="2026-07-15 03:47:12Z" end-time="2026-07-15 03:47:13Z" duration="1.199098" total="12" passed="12" failed="0" inconclusive="0" skipped="0" asserts="0">
      <properties>
        <property name="_PID" value="26300" />
        <property name="_APPDOMAIN" value="Unity Child Domain" />
        <property name="platform" value="EditMode" />
        <property name="EditorOnly" value="True" />
      </properties>
      <test-suite type="TestSuite" id="1015" name="SensCalibr8" fullname="SensCalibr8" runstate="Runnable" testcasecount="12" result="Passed" start-time="2026-07-15 03:47:12Z" end-time="2026-07-15 03:47:13Z" duration="1.197623" total="12" passed="12" failed="0" inconclusive="0" skipped="0" asserts="0">
        <properties />
        <test-suite type="TestSuite" id="1016" name="Calibration" fullname="SensCalibr8.Calibration" runstate="Runnable" testcasecount="12" result="Passed" start-time="2026-07-15 03:47:12Z" end-time="2026-07-15 03:47:13Z" duration="1.196225" total="12" passed="12" failed="0" inconclusive="0" skipped="0" asserts="0">
          <properties />
          <test-suite type="TestSuite" id="1017" name="Tests" fullname="SensCalibr8.Calibration.Tests" runstate="Runnable" testcasecount="12" result="Passed" start-time="2026-07-15 03:47:12Z" end-time="2026-07-15 03:47:13Z" duration="1.195460" total="12" passed="12" failed="0" inconclusive="0" skipped="0" asserts="0">
            <properties />
            <test-suite type="TestFixture" id="1001" name="CalibrationHarnessTests" fullname="SensCalibr8.Calibration.Tests.CalibrationHarnessTests" classname="SensCalibr8.Calibration.Tests.CalibrationHarnessTests" runstate="Runnable" testcasecount="12" result="Passed" start-time="2026-07-15 03:47:12Z" end-time="2026-07-15 03:47:13Z" duration="1.191850" total="12" passed="12" failed="0" inconclusive="0" skipped="0" asserts="0">
              <properties />
              <test-case id="1004" name="AppendOnlyWriter_DrainsQueuedLinesAndRefusesOverwrite" fullname="SensCalibr8.Calibration.Tests.CalibrationHarnessTests.AppendOnlyWriter_DrainsQueuedLinesAndRefusesOverwrite" methodname="AppendOnlyWriter_DrainsQueuedLinesAndRefusesOverwrite" classname="SensCalibr8.Calibration.Tests.CalibrationHarnessTests" runstate="Runnable" seed="585773299" result="Passed" start-time="2026-07-15 03:47:12Z" end-time="2026-07-15 03:47:12Z" duration="0.192987" asserts="0">
                <properties>
                  <property name="retryIteration" value="0" />
                  <property name="repeatIteration" value="0" />
                </properties>
              </test-case>
              <test-case id="1005" name="CalibrationClock_UsesPositiveHighResolutionFrequencyAndOrderedTicks" fullname="SensCalibr8.Calibration.Tests.CalibrationHarnessTests.CalibrationClock_UsesPositiveHighResolutionFrequencyAndOrderedTicks" methodname="CalibrationClock_UsesPositiveHighResolutionFrequencyAndOrderedTicks" classname="SensCalibr8.Calibration.Tests.CalibrationHarnessTests" runstate="Runnable" seed="2001240563" result="Passed" start-time="2026-07-15 03:47:12Z" end-time="2026-07-15 03:47:12Z" duration="0.013364" asserts="0">
                <properties>
                  <property name="retryIteration" value="0" />
                  <property name="repeatIteration" value="0" />
                </properties>
              </test-case>
              <test-case id="1010" name="CompletedRun_WritesImmutableArtifactsAndValidIntegrityManifest" fullname="SensCalibr8.Calibration.Tests.CalibrationHarnessTests.CompletedRun_WritesImmutableArtifactsAndValidIntegrityManifest" methodname="CompletedRun_WritesImmutableArtifactsAndValidIntegrityManifest" classname="SensCalibr8.Calibration.Tests.CalibrationHarnessTests" runstate="Runnable" seed="1387327834" result="Passed" start-time="2026-07-15 03:47:12Z" end-time="2026-07-15 03:47:12Z" duration="0.121063" asserts="0">
                <properties>
                  <property name="retryIteration" value="0" />
                  <property name="repeatIteration" value="0" />
                </properties>
              </test-case>
              <test-case id="1003" name="CreateRunId_RejectsNonUtcTimestamp" fullname="SensCalibr8.Calibration.Tests.CalibrationHarnessTests.CreateRunId_RejectsNonUtcTimestamp" methodname="CreateRunId_RejectsNonUtcTimestamp" classname="SensCalibr8.Calibration.Tests.CalibrationHarnessTests" runstate="Runnable" seed="11963749" result="Passed" start-time="2026-07-15 03:47:12Z" end-time="2026-07-15 03:47:12Z" duration="0.008149" asserts="0">
                <properties>
                  <property name="retryIteration" value="0" />
                  <property name="repeatIteration" value="0" />
                </properties>
              </test-case>
              <test-case id="1012" name="DisposeWithoutCompletion_FinalizesRunAsInterrupted" fullname="SensCalibr8.Calibration.Tests.CalibrationHarnessTests.DisposeWithoutCompletion_FinalizesRunAsInterrupted" methodname="DisposeWithoutCompletion_FinalizesRunAsInterrupted" classname="SensCalibr8.Calibration.Tests.CalibrationHarnessTests" runstate="Runnable" seed="264644982" result="Passed" start-time="2026-07-15 03:47:12Z" end-time="2026-07-15 03:47:12Z" duration="0.111229" asserts="0">
                <properties>
                  <property name="retryIteration" value="0" />
                  <property name="repeatIteration" value="0" />
                </properties>
              </test-case>
              <test-case id="1006" name="EnvironmentFactory_CapturesRuntimeIdentityChecksumAndExplicitUnknowns" fullname="SensCalibr8.Calibration.Tests.CalibrationHarnessTests.EnvironmentFactory_CapturesRuntimeIdentityChecksumAndExplicitUnknowns" methodname="EnvironmentFactory_CapturesRuntimeIdentityChecksumAndExplicitUnknowns" classname="SensCalibr8.Calibration.Tests.CalibrationHarnessTests" runstate="Runnable" seed="149197738" result="Passed" start-time="2026-07-15 03:47:12Z" end-time="2026-07-15 03:47:13Z" duration="0.498112" asserts="0">
                <properties>
                  <property name="retryIteration" value="0" />
                  <property name="repeatIteration" value="0" />
                </properties>
              </test-case>
              <test-case id="1002" name="NormalizeToken_ProducesLowercaseAsciiToken" fullname="SensCalibr8.Calibration.Tests.CalibrationHarnessTests.NormalizeToken_ProducesLowercaseAsciiToken" methodname="NormalizeToken_ProducesLowercaseAsciiToken" classname="SensCalibr8.Calibration.Tests.CalibrationHarnessTests" runstate="Runnable" seed="143052021" result="Passed" start-time="2026-07-15 03:47:13Z" end-time="2026-07-15 03:47:13Z" duration="0.009482" asserts="0">
                <properties>
                  <property name="retryIteration" value="0" />
                  <property name="repeatIteration" value="0" />
                </properties>
              </test-case>
              <test-case id="1009" name="P0R3CaptureGate_AcceptsCompleteFrozenPlan" fullname="SensCalibr8.Calibration.Tests.CalibrationHarnessTests.P0R3CaptureGate_AcceptsCompleteFrozenPlan" methodname="P0R3CaptureGate_AcceptsCompleteFrozenPlan" classname="SensCalibr8.Calibration.Tests.CalibrationHarnessTests" runstate="Runnable" seed="973405686" result="Passed" start-time="2026-07-15 03:47:13Z" end-time="2026-07-15 03:47:13Z" duration="0.009163" asserts="0">
                <properties>
                  <property name="retryIteration" value="0" />
                  <property name="repeatIteration" value="0" />
                </properties>
              </test-case>
              <test-case id="1008" name="P0R3CaptureGate_AllowsUnknownAuditOnlyMouseMetadata" fullname="SensCalibr8.Calibration.Tests.CalibrationHarnessTests.P0R3CaptureGate_AllowsUnknownAuditOnlyMouseMetadata" methodname="P0R3CaptureGate_AllowsUnknownAuditOnlyMouseMetadata" classname="SensCalibr8.Calibration.Tests.CalibrationHarnessTests" runstate="Runnable" seed="1732559349" result="Passed" start-time="2026-07-15 03:47:13Z" end-time="2026-07-15 03:47:13Z" duration="0.005860" asserts="0">
                <properties>
                  <property name="retryIteration" value="0" />
                  <property name="repeatIteration" value="0" />
                </properties>
              </test-case>
              <test-case id="1007" name="P0R3CaptureGate_RejectsUnknownAcceptanceEnvironment" fullname="SensCalibr8.Calibration.Tests.CalibrationHarnessTests.P0R3CaptureGate_RejectsUnknownAcceptanceEnvironment" methodname="P0R3CaptureGate_RejectsUnknownAcceptanceEnvironment" classname="SensCalibr8.Calibration.Tests.CalibrationHarnessTests" runstate="Runnable" seed="49070786" result="Passed" start-time="2026-07-15 03:47:13Z" end-time="2026-07-15 03:47:13Z" duration="0.007258" asserts="0">
                <properties>
                  <property name="retryIteration" value="0" />
                  <property name="repeatIteration" value="0" />
                </properties>
              </test-case>
              <test-case id="1013" name="RecoveryService_FinalizesAbandonedRunAndHashesPartialEvidence" fullname="SensCalibr8.Calibration.Tests.CalibrationHarnessTests.RecoveryService_FinalizesAbandonedRunAndHashesPartialEvidence" methodname="RecoveryService_FinalizesAbandonedRunAndHashesPartialEvidence" classname="SensCalibr8.Calibration.Tests.CalibrationHarnessTests" runstate="Runnable" seed="91775978" result="Passed" start-time="2026-07-15 03:47:13Z" end-time="2026-07-15 03:47:13Z" duration="0.063944" asserts="0">
                <properties>
                  <property name="retryIteration" value="0" />
                  <property name="repeatIteration" value="0" />
                </properties>
              </test-case>
              <test-case id="1011" name="RunStore_RejectsBrokenRelationshipsAndNonContiguousSequences" fullname="SensCalibr8.Calibration.Tests.CalibrationHarnessTests.RunStore_RejectsBrokenRelationshipsAndNonContiguousSequences" methodname="RunStore_RejectsBrokenRelationshipsAndNonContiguousSequences" classname="SensCalibr8.Calibration.Tests.CalibrationHarnessTests" runstate="Runnable" seed="1396406143" result="Passed" start-time="2026-07-15 03:47:13Z" end-time="2026-07-15 03:47:13Z" duration="0.086271" asserts="0">
                <properties>
                  <property name="retryIteration" value="0" />
                  <property name="repeatIteration" value="0" />
                </properties>
                <output><![CDATA[Saving results to: D:\Gosoft_Test\senscalibr8\calibration\evidence\p0-r3-unity-editmode-results.xml
]]></output>
              </test-case>
            </test-suite>
          </test-suite>
        </test-suite>
      </test-suite>
    </test-suite>
  </test-suite>
</test-run>